[2022-02-07T10:52:58.223] [INFO] resLogger - 
*************** response log start ***************
request method: GET
request originalUrl:  /
request client ip:  ::1
request query:  {}
response time: 375
response status: 200
response body: 
"<!DOCTYPE html><html><head><title>Hello Koa 2!</title><link rel=\"stylesheet\" href=\"/stylesheets/style.css\"></head><body><h1>Hello Koa 2!</h1><p>Welcome to Hello Koa 2!</p></body></html>"
*************** response log end ***************

[2022-02-07T10:53:59.043] [INFO] resLogger - 
*************** response log start ***************
request method: GET
request originalUrl:  /string
request client ip:  ::1
request query:  {}
response time: 0
response status: 200
response body: 
"koa2 string"
*************** response log end ***************

[2022-02-07T10:54:50.800] [INFO] resLogger - 
*************** response log start ***************
request method: GET
request originalUrl:  /users/
request client ip:  ::1
request query:  {}
response time: 0
response status: 200
response body: 
"this is a users response!"
*************** response log end ***************

[2022-02-07T10:54:55.879] [INFO] resLogger - 
*************** response log start ***************
request method: GET
request originalUrl:  /users/bar
request client ip:  ::1
request query:  {}
response time: 1
response status: 200
response body: 
"this is a users/bar response"
*************** response log end ***************

