[2022-07-06T16:08:52.720] [INFO] resLogger - 
*************** response log start ***************
request method: GET
request originalUrl:  /
request client ip:  ::1
request query:  {}
response time: 1
response status: 404
response body: 
undefined
*************** response log end ***************

[2022-07-06T16:08:58.069] [INFO] resLogger - 
*************** response log start ***************
request method: GET
request originalUrl:  /api
request client ip:  ::1
request query:  {}
response time: 224
response status: 200
response body: 
"<!DOCTYPE html><html><head><title>Hello Koa 2!</title><link rel=\"stylesheet\" href=\"/stylesheets/style.css\"></head><body><h1>Hello Koa 2!</h1><p>Welcome to Hello Koa 2!</p></body></html>"
*************** response log end ***************

[2022-07-06T16:10:59.747] [INFO] resLogger - 
*************** response log start ***************
request method: GET
request originalUrl:  /api
request client ip:  ::1
request query:  {}
response time: 160
response status: 200
response body: 
"<!DOCTYPE html><html><head><title>Hello Koa 2!</title><link rel=\"stylesheet\" href=\"/stylesheets/style.css\"></head><body><h1>Hello Koa 2!</h1><p>Welcome to Hello Koa 2!</p></body></html>"
*************** response log end ***************

[2022-07-06T16:11:11.118] [INFO] resLogger - 
*************** response log start ***************
request method: GET
request originalUrl:  /string
request client ip:  ::1
request query:  {}
response time: 0
response status: 404
response body: 
undefined
*************** response log end ***************

[2022-07-06T16:11:17.845] [INFO] resLogger - 
*************** response log start ***************
request method: GET
request originalUrl:  /api/string
request client ip:  ::1
request query:  {}
response time: 0
response status: 200
response body: 
"koa2 string"
*************** response log end ***************

[2022-07-06T16:11:36.338] [INFO] resLogger - 
*************** response log start ***************
request method: GET
request originalUrl:  /
request client ip:  ::1
request query:  {}
response time: 158
response status: 200
response body: 
"<!DOCTYPE html><html><head><title>Hello Koa 2!</title><link rel=\"stylesheet\" href=\"/stylesheets/style.css\"></head><body><h1>Hello Koa 2!</h1><p>Welcome to Hello Koa 2!</p></body></html>"
*************** response log end ***************

